Traceback (most recent call last):
  File "D:\Users\laaltenburg\Anaconda3\envs\cantera_env\lib\site-packages\jupyter_cache\executors\utils.py", line 51, in single_nb_execution
    executenb(
  File "D:\Users\laaltenburg\Anaconda3\envs\cantera_env\lib\site-packages\nbclient\client.py", line 1204, in execute
    return NotebookClient(nb=nb, resources=resources, km=km, **kwargs).execute()
  File "D:\Users\laaltenburg\Anaconda3\envs\cantera_env\lib\site-packages\nbclient\util.py", line 84, in wrapped
    return just_run(coro(*args, **kwargs))
  File "D:\Users\laaltenburg\Anaconda3\envs\cantera_env\lib\site-packages\nbclient\util.py", line 62, in just_run
    return loop.run_until_complete(coro)
  File "D:\Users\laaltenburg\Anaconda3\envs\cantera_env\lib\asyncio\base_events.py", line 642, in run_until_complete
    return future.result()
  File "D:\Users\laaltenburg\Anaconda3\envs\cantera_env\lib\site-packages\nbclient\client.py", line 663, in async_execute
    await self.async_execute_cell(
  File "D:\Users\laaltenburg\Anaconda3\envs\cantera_env\lib\site-packages\nbclient\client.py", line 965, in async_execute_cell
    await self._check_raise_for_error(cell, cell_index, exec_reply)
  File "D:\Users\laaltenburg\Anaconda3\envs\cantera_env\lib\site-packages\nbclient\client.py", line 862, in _check_raise_for_error
    raise CellExecutionError.from_cell_and_msg(cell, exec_reply_content)
nbclient.exceptions.CellExecutionError: An error occurred while executing the following cell:
------------------
path_saved_images = "/content/drive/MyDrive/Colab Notebooks/flame_front_analysis_images/saved_images/"
fig1.savefig(path_saved_images + "SL0_phi_T_u=" + str(int(T_u)) + "_p_u=" +str(int(p_u))+ ".svg", dpi=300)
fig2.savefig(path_saved_images + "Tad_phi_" + str(int(T_u)) + "_p_u=" +str(int(p_u))+ ".svg", dpi=300)
------------------

[1;31m---------------------------------------------------------------------------[0m
[1;31mFileNotFoundError[0m                         Traceback (most recent call last)
Input [1;32mIn [8][0m, in [0;36m<cell line: 2>[1;34m()[0m
[0;32m      1[0m path_saved_images [38;5;241m=[39m [38;5;124m"[39m[38;5;124m/content/drive/MyDrive/Colab Notebooks/flame_front_analysis_images/saved_images/[39m[38;5;124m"[39m
[1;32m----> 2[0m [43mfig1[49m[38;5;241;43m.[39;49m[43msavefig[49m[43m([49m[43mpath_saved_images[49m[43m [49m[38;5;241;43m+[39;49m[43m [49m[38;5;124;43m"[39;49m[38;5;124;43mSL0_phi_T_u=[39;49m[38;5;124;43m"[39;49m[43m [49m[38;5;241;43m+[39;49m[43m [49m[38;5;28;43mstr[39;49m[43m([49m[38;5;28;43mint[39;49m[43m([49m[43mT_u[49m[43m)[49m[43m)[49m[43m [49m[38;5;241;43m+[39;49m[43m [49m[38;5;124;43m"[39;49m[38;5;124;43m_p_u=[39;49m[38;5;124;43m"[39;49m[43m [49m[38;5;241;43m+[39;49m[38;5;28;43mstr[39;49m[43m([49m[38;5;28;43mint[39;49m[43m([49m[43mp_u[49m[43m)[49m[43m)[49m[38;5;241;43m+[39;49m[43m [49m[38;5;124;43m"[39;49m[38;5;124;43m.svg[39;49m[38;5;124;43m"[39;49m[43m,[49m[43m [49m[43mdpi[49m[38;5;241;43m=[39;49m[38;5;241;43m300[39;49m[43m)[49m
[0;32m      3[0m fig2[38;5;241m.[39msavefig(path_saved_images [38;5;241m+[39m [38;5;124m"[39m[38;5;124mTad_phi_[39m[38;5;124m"[39m [38;5;241m+[39m [38;5;28mstr[39m([38;5;28mint[39m(T_u)) [38;5;241m+[39m [38;5;124m"[39m[38;5;124m_p_u=[39m[38;5;124m"[39m [38;5;241m+[39m[38;5;28mstr[39m([38;5;28mint[39m(p_u))[38;5;241m+[39m [38;5;124m"[39m[38;5;124m.svg[39m[38;5;124m"[39m, dpi[38;5;241m=[39m[38;5;241m300[39m)

File [1;32mD:\Users\laaltenburg\Anaconda3\envs\cantera_env\lib\site-packages\matplotlib\figure.py:3019[0m, in [0;36mFigure.savefig[1;34m(self, fname, transparent, **kwargs)[0m
[0;32m   3015[0m     [38;5;28;01mfor[39;00m ax [38;5;129;01min[39;00m [38;5;28mself[39m[38;5;241m.[39maxes:
[0;32m   3016[0m         stack[38;5;241m.[39menter_context(
[0;32m   3017[0m             ax[38;5;241m.[39mpatch[38;5;241m.[39m_cm_set(facecolor[38;5;241m=[39m[38;5;124m'[39m[38;5;124mnone[39m[38;5;124m'[39m, edgecolor[38;5;241m=[39m[38;5;124m'[39m[38;5;124mnone[39m[38;5;124m'[39m))
[1;32m-> 3019[0m [38;5;28mself[39m[38;5;241m.[39mcanvas[38;5;241m.[39mprint_figure(fname, [38;5;241m*[39m[38;5;241m*[39mkwargs)

File [1;32mD:\Users\laaltenburg\Anaconda3\envs\cantera_env\lib\site-packages\matplotlib\backend_bases.py:2319[0m, in [0;36mFigureCanvasBase.print_figure[1;34m(self, filename, dpi, facecolor, edgecolor, orientation, format, bbox_inches, pad_inches, bbox_extra_artists, backend, **kwargs)[0m
[0;32m   2315[0m [38;5;28;01mtry[39;00m:
[0;32m   2316[0m     [38;5;66;03m# _get_renderer may change the figure dpi (as vector formats[39;00m
[0;32m   2317[0m     [38;5;66;03m# force the figure dpi to 72), so we need to set it again here.[39;00m
[0;32m   2318[0m     [38;5;28;01mwith[39;00m cbook[38;5;241m.[39m_setattr_cm([38;5;28mself[39m[38;5;241m.[39mfigure, dpi[38;5;241m=[39mdpi):
[1;32m-> 2319[0m         result [38;5;241m=[39m print_method(
[0;32m   2320[0m             filename,
[0;32m   2321[0m             facecolor[38;5;241m=[39mfacecolor,
[0;32m   2322[0m             edgecolor[38;5;241m=[39medgecolor,
[0;32m   2323[0m             orientation[38;5;241m=[39morientation,
[0;32m   2324[0m             bbox_inches_restore[38;5;241m=[39m_bbox_inches_restore,
[0;32m   2325[0m             [38;5;241m*[39m[38;5;241m*[39mkwargs)
[0;32m   2326[0m [38;5;28;01mfinally[39;00m:
[0;32m   2327[0m     [38;5;28;01mif[39;00m bbox_inches [38;5;129;01mand[39;00m restore_bbox:

File [1;32mD:\Users\laaltenburg\Anaconda3\envs\cantera_env\lib\site-packages\matplotlib\backend_bases.py:1648[0m, in [0;36m_check_savefig_extra_args.<locals>.wrapper[1;34m(*args, **kwargs)[0m
[0;32m   1640[0m     _api[38;5;241m.[39mwarn_deprecated(
[0;32m   1641[0m         [38;5;124m'[39m[38;5;124m3.3[39m[38;5;124m'[39m, name[38;5;241m=[39mname, removal[38;5;241m=[39m[38;5;124m'[39m[38;5;124m3.6[39m[38;5;124m'[39m,
[0;32m   1642[0m         message[38;5;241m=[39m[38;5;124m'[39m[38;5;132;01m%(name)s[39;00m[38;5;124m() got unexpected keyword argument [39m[38;5;124m"[39m[38;5;124m'[39m
[0;32m   1643[0m                 [38;5;241m+[39m arg [38;5;241m+[39m [38;5;124m'[39m[38;5;124m"[39m[38;5;124m which is no longer supported as of [39m[38;5;124m'[39m
[0;32m   1644[0m                 [38;5;124m'[39m[38;5;132;01m%(since)s[39;00m[38;5;124m and will become an error [39m[38;5;124m'[39m
[0;32m   1645[0m                 [38;5;124m'[39m[38;5;132;01m%(removal)s[39;00m[38;5;124m'[39m)
[0;32m   1646[0m     kwargs[38;5;241m.[39mpop(arg)
[1;32m-> 1648[0m [38;5;28;01mreturn[39;00m func([38;5;241m*[39margs, [38;5;241m*[39m[38;5;241m*[39mkwargs)

File [1;32mD:\Users\laaltenburg\Anaconda3\envs\cantera_env\lib\site-packages\matplotlib\_api\deprecation.py:386[0m, in [0;36mdelete_parameter.<locals>.wrapper[1;34m(*inner_args, **inner_kwargs)[0m
[0;32m    381[0m [38;5;129m@functools[39m[38;5;241m.[39mwraps(func)
[0;32m    382[0m [38;5;28;01mdef[39;00m [38;5;21mwrapper[39m([38;5;241m*[39minner_args, [38;5;241m*[39m[38;5;241m*[39minner_kwargs):
[0;32m    383[0m     [38;5;28;01mif[39;00m [38;5;28mlen[39m(inner_args) [38;5;241m<[39m[38;5;241m=[39m name_idx [38;5;129;01mand[39;00m name [38;5;129;01mnot[39;00m [38;5;129;01min[39;00m inner_kwargs:
[0;32m    384[0m         [38;5;66;03m# Early return in the simple, non-deprecated case (much faster than[39;00m
[0;32m    385[0m         [38;5;66;03m# calling bind()).[39;00m
[1;32m--> 386[0m         [38;5;28;01mreturn[39;00m func([38;5;241m*[39minner_args, [38;5;241m*[39m[38;5;241m*[39minner_kwargs)
[0;32m    387[0m     arguments [38;5;241m=[39m signature[38;5;241m.[39mbind([38;5;241m*[39minner_args, [38;5;241m*[39m[38;5;241m*[39minner_kwargs)[38;5;241m.[39marguments
[0;32m    388[0m     [38;5;28;01mif[39;00m is_varargs [38;5;129;01mand[39;00m arguments[38;5;241m.[39mget(name):

File [1;32mD:\Users\laaltenburg\Anaconda3\envs\cantera_env\lib\site-packages\matplotlib\_api\deprecation.py:412[0m, in [0;36mdelete_parameter.<locals>.wrapper[1;34m(*inner_args, **inner_kwargs)[0m
[0;32m    402[0m     deprecation_addendum [38;5;241m=[39m (
[0;32m    403[0m         [38;5;124mf[39m[38;5;124m"[39m[38;5;124mIf any parameter follows [39m[38;5;132;01m{[39;00mname[38;5;132;01m!r}[39;00m[38;5;124m, they should be passed as [39m[38;5;124m"[39m
[0;32m    404[0m         [38;5;124mf[39m[38;5;124m"[39m[38;5;124mkeyword, not positionally.[39m[38;5;124m"[39m)
[0;32m    405[0m     warn_deprecated(
[0;32m    406[0m         since,
[0;32m    407[0m         name[38;5;241m=[39m[38;5;28mrepr[39m(name),
[1;32m   (...)[0m
[0;32m    410[0m                  [38;5;28;01melse[39;00m deprecation_addendum,
[0;32m    411[0m         [38;5;241m*[39m[38;5;241m*[39mkwargs)
[1;32m--> 412[0m [38;5;28;01mreturn[39;00m func([38;5;241m*[39minner_args, [38;5;241m*[39m[38;5;241m*[39minner_kwargs)

File [1;32mD:\Users\laaltenburg\Anaconda3\envs\cantera_env\lib\site-packages\matplotlib\backends\backend_svg.py:1321[0m, in [0;36mFigureCanvasSVG.print_svg[1;34m(self, filename, dpi, bbox_inches_restore, metadata, *args)[0m
[0;32m   1285[0m [38;5;129m@_check_savefig_extra_args[39m
[0;32m   1286[0m [38;5;129m@_api[39m[38;5;241m.[39mdelete_parameter([38;5;124m"[39m[38;5;124m3.4[39m[38;5;124m"[39m, [38;5;124m"[39m[38;5;124mdpi[39m[38;5;124m"[39m)
[0;32m   1287[0m [38;5;129m@_api[39m[38;5;241m.[39mdelete_parameter([38;5;124m"[39m[38;5;124m3.5[39m[38;5;124m"[39m, [38;5;124m"[39m[38;5;124margs[39m[38;5;124m"[39m)
[0;32m   1288[0m [38;5;28;01mdef[39;00m [38;5;21mprint_svg[39m([38;5;28mself[39m, filename, [38;5;241m*[39margs, dpi[38;5;241m=[39m[38;5;28;01mNone[39;00m, bbox_inches_restore[38;5;241m=[39m[38;5;28;01mNone[39;00m,
[0;32m   1289[0m               metadata[38;5;241m=[39m[38;5;28;01mNone[39;00m):
[0;32m   1290[0m     [38;5;124;03m"""[39;00m
[0;32m   1291[0m [38;5;124;03m    Parameters[39;00m
[0;32m   1292[0m [38;5;124;03m    ----------[39;00m
[1;32m   (...)[0m
[0;32m   1319[0m [38;5;124;03m        __ DC_[39;00m
[0;32m   1320[0m [38;5;124;03m    """[39;00m
[1;32m-> 1321[0m     [38;5;28;01mwith[39;00m [43mcbook[49m[38;5;241;43m.[39;49m[43mopen_file_cm[49m[43m([49m[43mfilename[49m[43m,[49m[43m [49m[38;5;124;43m"[39;49m[38;5;124;43mw[39;49m[38;5;124;43m"[39;49m[43m,[49m[43m [49m[43mencoding[49m[38;5;241;43m=[39;49m[38;5;124;43m"[39;49m[38;5;124;43mutf-8[39;49m[38;5;124;43m"[39;49m[43m)[49m [38;5;28;01mas[39;00m fh:
[0;32m   1322[0m         [38;5;28;01mif[39;00m [38;5;129;01mnot[39;00m cbook[38;5;241m.[39mfile_requires_unicode(fh):
[0;32m   1323[0m             fh [38;5;241m=[39m codecs[38;5;241m.[39mgetwriter([38;5;124m'[39m[38;5;124mutf-8[39m[38;5;124m'[39m)(fh)

File [1;32mD:\Users\laaltenburg\Anaconda3\envs\cantera_env\lib\site-packages\matplotlib\cbook\__init__.py:465[0m, in [0;36mopen_file_cm[1;34m(path_or_file, mode, encoding)[0m
[0;32m    463[0m [38;5;28;01mdef[39;00m [38;5;21mopen_file_cm[39m(path_or_file, mode[38;5;241m=[39m[38;5;124m"[39m[38;5;124mr[39m[38;5;124m"[39m, encoding[38;5;241m=[39m[38;5;28;01mNone[39;00m):
[0;32m    464[0m     [38;5;124mr[39m[38;5;124;03m"""Pass through file objects and context-manage path-likes."""[39;00m
[1;32m--> 465[0m     fh, opened [38;5;241m=[39m [43mto_filehandle[49m[43m([49m[43mpath_or_file[49m[43m,[49m[43m [49m[43mmode[49m[43m,[49m[43m [49m[38;5;28;43;01mTrue[39;49;00m[43m,[49m[43m [49m[43mencoding[49m[43m)[49m
[0;32m    466[0m     [38;5;28;01mreturn[39;00m fh [38;5;28;01mif[39;00m opened [38;5;28;01melse[39;00m contextlib[38;5;241m.[39mnullcontext(fh)

File [1;32mD:\Users\laaltenburg\Anaconda3\envs\cantera_env\lib\site-packages\matplotlib\cbook\__init__.py:451[0m, in [0;36mto_filehandle[1;34m(fname, flag, return_opened, encoding)[0m
[0;32m    449[0m         fh [38;5;241m=[39m bz2[38;5;241m.[39mBZ2File(fname, flag)
[0;32m    450[0m     [38;5;28;01melse[39;00m:
[1;32m--> 451[0m         fh [38;5;241m=[39m [38;5;28;43mopen[39;49m[43m([49m[43mfname[49m[43m,[49m[43m [49m[43mflag[49m[43m,[49m[43m [49m[43mencoding[49m[38;5;241;43m=[39;49m[43mencoding[49m[43m)[49m
[0;32m    452[0m     opened [38;5;241m=[39m [38;5;28;01mTrue[39;00m
[0;32m    453[0m [38;5;28;01melif[39;00m [38;5;28mhasattr[39m(fname, [38;5;124m'[39m[38;5;124mseek[39m[38;5;124m'[39m):

[1;31mFileNotFoundError[0m: [Errno 2] No such file or directory: '/content/drive/MyDrive/Colab Notebooks/flame_front_analysis_images/saved_images/SL0_phi_T_u=293_p_u=101325.svg'
FileNotFoundError: [Errno 2] No such file or directory: '/content/drive/MyDrive/Colab Notebooks/flame_front_analysis_images/saved_images/SL0_phi_T_u=293_p_u=101325.svg'

