Traceback (most recent call last):
  File "/opt/hostedtoolcache/Python/3.7.12/x64/lib/python3.7/site-packages/jupyter_cache/executors/utils.py", line 56, in single_nb_execution
    record_timing=False,
  File "/opt/hostedtoolcache/Python/3.7.12/x64/lib/python3.7/site-packages/nbclient/client.py", line 1204, in execute
    return NotebookClient(nb=nb, resources=resources, km=km, **kwargs).execute()
  File "/opt/hostedtoolcache/Python/3.7.12/x64/lib/python3.7/site-packages/nbclient/util.py", line 84, in wrapped
    return just_run(coro(*args, **kwargs))
  File "/opt/hostedtoolcache/Python/3.7.12/x64/lib/python3.7/site-packages/nbclient/util.py", line 62, in just_run
    return loop.run_until_complete(coro)
  File "/opt/hostedtoolcache/Python/3.7.12/x64/lib/python3.7/asyncio/base_events.py", line 587, in run_until_complete
    return future.result()
  File "/opt/hostedtoolcache/Python/3.7.12/x64/lib/python3.7/site-packages/nbclient/client.py", line 664, in async_execute
    cell, index, execution_count=self.code_cells_executed + 1
  File "/opt/hostedtoolcache/Python/3.7.12/x64/lib/python3.7/site-packages/nbclient/client.py", line 965, in async_execute_cell
    await self._check_raise_for_error(cell, cell_index, exec_reply)
  File "/opt/hostedtoolcache/Python/3.7.12/x64/lib/python3.7/site-packages/nbclient/client.py", line 862, in _check_raise_for_error
    raise CellExecutionError.from_cell_and_msg(cell, exec_reply_content)
nbclient.exceptions.CellExecutionError: An error occurred while executing the following cell:
------------------
def heating_value(fuel):
    """ Returns the LHV and HHV for the specified fuel """
    gas = ct.Solution('gri30.xml')
    T_u = 293.15
    p_u = ct.one_atm
    gas.TP = T_u, p_u
    gas.set_equivalence_ratio(1.0, fuel, 'O2:1.0')
    h1 = gas.enthalpy_mass
    Y_fuel = gas[fuel].Y[0]

    water = ct.Water()
    # Set liquid water state, with vapor fraction x = 0
    water.TX = T_u, 0
    h_liquid = water.h
    # Set gaseous water state, with vapor fraction x = 1
    water.TX = T_u, 1
    h_gas = water.h

    # complete combustion products
    Y_products = {'CO2': gas.elemental_mole_fraction('C'),
                  'H2O': 0.5 * gas.elemental_mole_fraction('H'),
                  'N2': 0.5 * gas.elemental_mole_fraction('N')}

    gas.TPX = None, None, Y_products
    Y_H2O = gas['H2O'].Y[0]
    h2 = gas.enthalpy_mass
    LHV = -(h2-h1)/Y_fuel
    HHV = -(h2-h1 + (h_liquid-h_gas) * Y_H2O)/Y_fuel
    return LHV, HHV

fuels = ['H2', 'CH4', 'C2H6', 'C3H8', 'NH3', 'CH3OH']
print('fuel   LHV (MJ/kg)   HHV (MJ/kg)')

for fuel in fuels:
    LHV, HHV = heating_value(fuel)
    print('{:8s} {:7.3f}      {:7.3f}'.format(fuel, LHV/1e6, HHV/1e6))

# # Lower Heating Values of well-known combustion fuels
# LHV_H2 = heating_value('H2')
# LHV_CH4 = heating_value('CH4')
# LHV_C2H6 = heating_value('C2H6')
------------------

[0;31m---------------------------------------------------------------------------[0m
[0;31mAttributeError[0m                            Traceback (most recent call last)
[0;32m/tmp/ipykernel_1820/612702308.py[0m in [0;36m<module>[0;34m[0m
[1;32m     33[0m [0;34m[0m[0m
[1;32m     34[0m [0;32mfor[0m [0mfuel[0m [0;32min[0m [0mfuels[0m[0;34m:[0m[0;34m[0m[0;34m[0m[0m
[0;32m---> 35[0;31m     [0mLHV[0m[0;34m,[0m [0mHHV[0m [0;34m=[0m [0mheating_value[0m[0;34m([0m[0mfuel[0m[0;34m)[0m[0;34m[0m[0;34m[0m[0m
[0m[1;32m     36[0m     [0mprint[0m[0;34m([0m[0;34m'{:8s} {:7.3f}      {:7.3f}'[0m[0;34m.[0m[0mformat[0m[0;34m([0m[0mfuel[0m[0;34m,[0m [0mLHV[0m[0;34m/[0m[0;36m1e6[0m[0;34m,[0m [0mHHV[0m[0;34m/[0m[0;36m1e6[0m[0;34m)[0m[0;34m)[0m[0;34m[0m[0;34m[0m[0m
[1;32m     37[0m [0;34m[0m[0m

[0;32m/tmp/ipykernel_1820/612702308.py[0m in [0;36mheating_value[0;34m(fuel)[0m
[1;32m     11[0m     [0mwater[0m [0;34m=[0m [0mct[0m[0;34m.[0m[0mWater[0m[0;34m([0m[0;34m)[0m[0;34m[0m[0;34m[0m[0m
[1;32m     12[0m     [0;31m# Set liquid water state, with vapor fraction x = 0[0m[0;34m[0m[0;34m[0m[0;34m[0m[0m
[0;32m---> 13[0;31m     [0mwater[0m[0;34m.[0m[0mTX[0m [0;34m=[0m [0mT_u[0m[0;34m,[0m [0;36m0[0m[0;34m[0m[0;34m[0m[0m
[0m[1;32m     14[0m     [0mh_liquid[0m [0;34m=[0m [0mwater[0m[0;34m.[0m[0mh[0m[0;34m[0m[0;34m[0m[0m
[1;32m     15[0m     [0;31m# Set gaseous water state, with vapor fraction x = 1[0m[0;34m[0m[0;34m[0m[0;34m[0m[0m

[0;31mAttributeError[0m: 'WaterWithTransport' object has no attribute 'TX'
AttributeError: 'WaterWithTransport' object has no attribute 'TX'

